[Fri Mar 04 20:00:11 MST 2022] - INFO passoff.ServerTest: 	Setting up Events Bad Auth Token Test...
[Fri Mar 04 20:00:11 MST 2022] - INFO client.Proxy: 	Clear called
[Fri Mar 04 20:00:11 MST 2022] - INFO client.Client: 	Post without Request Body called
[Fri Mar 04 20:00:11 MST 2022] - INFO client.Client: 	Attempting to open connection to server
[Fri Mar 04 20:00:11 MST 2022] - INFO client.Client: 	Connection opened to server
[Fri Mar 04 20:00:11 MST 2022] - INFO client.Client: 	Setting passoffrequest method to POST
[Fri Mar 04 20:00:11 MST 2022] - INFO client.Client: 	Request method set to POST
[Fri Mar 04 20:00:11 MST 2022] - INFO client.Client: 	Setting Do Output to true
[Fri Mar 04 20:00:11 MST 2022] - INFO client.Client: 	Do Output set to true
[Fri Mar 04 20:00:11 MST 2022] - INFO client.Client: 	Connecting to server
[Fri Mar 04 20:00:11 MST 2022] - INFO client.Client: 	Connected to server
[Fri Mar 04 20:00:11 MST 2022] - INFO client.Client: 	Getting response code from server
[Fri Mar 04 20:00:21 MST 2022] - INFO client.Client: 	Response code 200 returned
[Fri Mar 04 20:00:21 MST 2022] - INFO client.Client: 	Getting input stream from server
[Fri Mar 04 20:00:21 MST 2022] - INFO client.Client: 	Reading input stream into a string
[Fri Mar 04 20:00:21 MST 2022] - INFO passoff.ServerTest: 	Running Events Bad Auth Token Test...
[Fri Mar 04 20:00:22 MST 2022] - INFO client.Proxy: 	Register called
[Fri Mar 04 20:00:22 MST 2022] - INFO client.Client: 	Post with Request Body called
[Fri Mar 04 20:00:22 MST 2022] - INFO client.Client: 	Attempting to open connection to server
[Fri Mar 04 20:00:22 MST 2022] - INFO client.Client: 	Connection opened to server
[Fri Mar 04 20:00:22 MST 2022] - INFO client.Client: 	Setting passoffrequest method to POST
[Fri Mar 04 20:00:22 MST 2022] - INFO client.Client: 	Request method set to POST
[Fri Mar 04 20:00:22 MST 2022] - INFO client.Client: 	Setting Do Output to true
[Fri Mar 04 20:00:22 MST 2022] - INFO client.Client: 	Do Output set to true
[Fri Mar 04 20:00:22 MST 2022] - INFO client.Client: 	Connecting to server
[Fri Mar 04 20:00:22 MST 2022] - INFO client.Client: 	Connected to server
[Fri Mar 04 20:00:22 MST 2022] - INFO client.Client: 	Opening output stream to server
[Fri Mar 04 20:00:22 MST 2022] - INFO client.Client: 	Writing passoffrequest to server output stream
[Fri Mar 04 20:00:22 MST 2022] - INFO client.Client: 	Request written to server output stream
[Fri Mar 04 20:00:22 MST 2022] - INFO client.Client: 	Closing output stream to server
[Fri Mar 04 20:00:22 MST 2022] - INFO client.Client: 	Output stream to server closed
[Fri Mar 04 20:00:22 MST 2022] - INFO client.Client: 	Getting response code from server
